tourApp/tour-cidades-gemeas/app/build/intermediates/manifest_merge_blame_file/debug/processDebugMainManifest/manifest-merger-blame-debug-report.txt
1<?xml version="1.0" encoding="utf-8"?>
2<manifest xmlns:android="http://schemas.android.com/apk/res/android"
3    package="com.example.tourgemeas"
4    android:versionCode="1"
5    android:versionName="1.0" >
6
7    <uses-sdk
8        android:minSdkVersion="24"
9        android:targetSdkVersion="34" />
10
11    <uses-permission android:name="android.permission.INTERNET" />
11-->src\main\AndroidManifest.xml:5:5-67
11-->src\main\AndroidManifest.xml:5:22-64
12    <uses-permission android:name="android.permission.ACCESS_NETWORK_STATE" />
12-->src\main\AndroidManifest.xml:6:5-79
12-->src\main\AndroidManifest.xml:6:22-76
13    <uses-permission android:name="android.permission.ACCESS_FINE_LOCATION" />
13-->src\main\AndroidManifest.xml:7:5-79
13-->src\main\AndroidManifest.xml:7:22-76
14    <uses-permission android:name="android.permission.ACCESS_COARSE_LOCATION" />
14-->src\main\AndroidManifest.xml:8:5-81
14-->src\main\AndroidManifest.xml:8:22-78
15    <uses-permission android:name="android.permission.WRITE_EXTERNAL_STORAGE" />
15-->src\main\AndroidManifest.xml:9:5-81
15-->src\main\AndroidManifest.xml:9:22-78
16
17    <permission
17-->[androidx.core:core:1.12.0] AndroidManifest.xml:22:5-24:47
18        android:name="com.example.tourgemeas.DYNAMIC_RECEIVER_NOT_EXPORTED_PERMISSION"
18-->[androidx.core:core:1.12.0] AndroidManifest.xml:23:9-81
19        android:protectionLevel="signature" />
19-->[androidx.core:core:1.12.0] AndroidManifest.xml:24:9-44
20
21    <uses-permission android:name="com.example.tourgemeas.DYNAMIC_RECEIVER_NOT_EXPORTED_PERMISSION" />
21-->[androidx.core:core:1.12.0] AndroidManifest.xml:26:5-97
21-->[androidx.core:core:1.12.0] AndroidManifest.xml:26:22-94
22
23    <supports-screens
23-->[org.osmdroid:osmdroid-android:6.1.17] AndroidManifest.xml:9:5-12:40
24        android:anyDensity="true"
24-->[org.osmdroid:osmdroid-android:6.1.17] AndroidManifest.xml:10:9-34
25        android:largeScreens="true"
25-->[org.osmdroid:osmdroid-android:6.1.17] AndroidManifest.xml:11:9-36
26        android:normalScreens="true" />
26-->[org.osmdroid:osmdroid-android:6.1.17] AndroidManifest.xml:12:9-37
27
28    <uses-feature
28-->[org.osmdroid:osmdroid-android:6.1.17] AndroidManifest.xml:14:5-16:36
29        android:name="android.hardware.location.network"
29-->[org.osmdroid:osmdroid-android:6.1.17] AndroidManifest.xml:15:9-57
30        android:required="false" />
30-->[org.osmdroid:osmdroid-android:6.1.17] AndroidManifest.xml:16:9-33
31    <uses-feature
31-->[org.osmdroid:osmdroid-android:6.1.17] AndroidManifest.xml:17:5-19:36
32        android:name="android.hardware.location.gps"
32-->[org.osmdroid:osmdroid-android:6.1.17] AndroidManifest.xml:18:9-53
33        android:required="false" />
33-->[org.osmdroid:osmdroid-android:6.1.17] AndroidManifest.xml:19:9-33
34    <uses-feature
34-->[org.osmdroid:osmdroid-android:6.1.17] AndroidManifest.xml:20:5-22:36
35        android:name="android.hardware.telephony"
35-->[org.osmdroid:osmdroid-android:6.1.17] AndroidManifest.xml:21:9-50
36        android:required="false" />
36-->[org.osmdroid:osmdroid-android:6.1.17] AndroidManifest.xml:22:9-33
37    <uses-feature
37-->[org.osmdroid:osmdroid-android:6.1.17] AndroidManifest.xml:23:5-25:36
38        android:name="android.hardware.wifi"
38-->[org.osmdroid:osmdroid-android:6.1.17] AndroidManifest.xml:24:9-45
39        android:required="false" />
39-->[org.osmdroid:osmdroid-android:6.1.17] AndroidManifest.xml:25:9-33
40
41    <application
41-->src\main\AndroidManifest.xml:11:5-46:19
42        android:allowBackup="true"
42-->src\main\AndroidManifest.xml:12:9-35
43        android:appComponentFactory="androidx.core.app.CoreComponentFactory"
43-->[androidx.core:core:1.12.0] AndroidManifest.xml:28:18-86
44        android:dataExtractionRules="@xml/data_extraction_rules"
44-->src\main\AndroidManifest.xml:13:9-65
45        android:debuggable="true"
46        android:extractNativeLibs="false"
47        android:fullBackupContent="@xml/backup_rules"
47-->src\main\AndroidManifest.xml:14:9-54
48        android:icon="@drawable/icone"
48-->src\main\AndroidManifest.xml:15:9-39
49        android:label="@string/app_name"
49-->src\main\AndroidManifest.xml:16:9-41
50        android:roundIcon="@drawable/icone"
50-->src\main\AndroidManifest.xml:17:9-44
51        android:supportsRtl="true"
51-->src\main\AndroidManifest.xml:18:9-35
52        android:testOnly="true"
53        android:theme="@style/Theme.TourGemeas"
53-->src\main\AndroidManifest.xml:19:9-48
54        android:usesCleartextTraffic="true" >
54-->src\main\AndroidManifest.xml:20:9-44
55
56        <!--
57       <activity
58           android:name=".CuidadoActivity"
59           android:exported="false" />
60        -->
61        <activity android:name="com.example.tourgemeas.LoguinActivity" />
61-->src\main\AndroidManifest.xml:28:9-52
61-->src\main\AndroidManifest.xml:28:19-49
62        <activity android:name="com.example.tourgemeas.IniciarSessaoActivity" />
62-->src\main\AndroidManifest.xml:29:9-59
62-->src\main\AndroidManifest.xml:29:19-56
63        <activity android:name="com.example.tourgemeas.TelaPrincipalActivity" />
63-->src\main\AndroidManifest.xml:30:9-59
63-->src\main\AndroidManifest.xml:30:19-56
64        <activity android:name="com.example.tourgemeas.EnigmaActivity" />
64-->src\main\AndroidManifest.xml:31:9-52
64-->src\main\AndroidManifest.xml:31:19-49
65        <activity android:name="com.example.tourgemeas.DicasEnigmasActivity" />
65-->src\main\AndroidManifest.xml:32:9-58
65-->src\main\AndroidManifest.xml:32:19-55
66        <activity android:name="com.example.tourgemeas.EnigmaDetalhadoActivity" />
66-->src\main\AndroidManifest.xml:33:9-61
66-->src\main\AndroidManifest.xml:33:19-58
67        <activity android:name="com.example.tourgemeas.CriarContaActivity" />
67-->src\main\AndroidManifest.xml:34:9-56
67-->src\main\AndroidManifest.xml:34:19-53
68        <activity android:name="com.example.tourgemeas.PerfilActivity" />
68-->src\main\AndroidManifest.xml:35:9-52
68-->src\main\AndroidManifest.xml:35:19-49
69        <activity
69-->src\main\AndroidManifest.xml:37:9-45:20
70            android:name="com.example.tourgemeas.MainActivity"
70-->src\main\AndroidManifest.xml:38:13-41
71            android:exported="true" >
71-->src\main\AndroidManifest.xml:39:13-36
72            <intent-filter>
72-->src\main\AndroidManifest.xml:40:13-44:29
73                <action android:name="android.intent.action.MAIN" />
73-->src\main\AndroidManifest.xml:41:17-69
73-->src\main\AndroidManifest.xml:41:25-66
74
75                <category android:name="android.intent.category.LAUNCHER" />
75-->src\main\AndroidManifest.xml:43:17-77
75-->src\main\AndroidManifest.xml:43:27-74
76            </intent-filter>
77        </activity>
78
79        <provider
79-->[androidx.emoji2:emoji2:1.2.0] AndroidManifest.xml:24:9-32:20
80            android:name="androidx.startup.InitializationProvider"
80-->[androidx.emoji2:emoji2:1.2.0] AndroidManifest.xml:25:13-67
81            android:authorities="com.example.tourgemeas.androidx-startup"
81-->[androidx.emoji2:emoji2:1.2.0] AndroidManifest.xml:26:13-68
82            android:exported="false" >
82-->[androidx.emoji2:emoji2:1.2.0] AndroidManifest.xml:27:13-37
83            <meta-data
83-->[androidx.emoji2:emoji2:1.2.0] AndroidManifest.xml:29:13-31:52
84                android:name="androidx.emoji2.text.EmojiCompatInitializer"
84-->[androidx.emoji2:emoji2:1.2.0] AndroidManifest.xml:30:17-75
85                android:value="androidx.startup" />
85-->[androidx.emoji2:emoji2:1.2.0] AndroidManifest.xml:31:17-49
86            <meta-data
86-->[androidx.lifecycle:lifecycle-process:2.6.1] AndroidManifest.xml:29:13-31:52
87                android:name="androidx.lifecycle.ProcessLifecycleInitializer"
87-->[androidx.lifecycle:lifecycle-process:2.6.1] AndroidManifest.xml:30:17-78
88                android:value="androidx.startup" />
88-->[androidx.lifecycle:lifecycle-process:2.6.1] AndroidManifest.xml:31:17-49
89            <meta-data
89-->[androidx.profileinstaller:profileinstaller:1.3.0] AndroidManifest.xml:29:13-31:52
90                android:name="androidx.profileinstaller.ProfileInstallerInitializer"
90-->[androidx.profileinstaller:profileinstaller:1.3.0] AndroidManifest.xml:30:17-85
91                android:value="androidx.startup" />
91-->[androidx.profileinstaller:profileinstaller:1.3.0] AndroidManifest.xml:31:17-49
92        </provider>
93
94        <receiver
94-->[androidx.profileinstaller:profileinstaller:1.3.0] AndroidManifest.xml:34:9-52:20
95            android:name="androidx.profileinstaller.ProfileInstallReceiver"
95-->[androidx.profileinstaller:profileinstaller:1.3.0] AndroidManifest.xml:35:13-76
96            android:directBootAware="false"
96-->[androidx.profileinstaller:profileinstaller:1.3.0] AndroidManifest.xml:36:13-44
97            android:enabled="true"
97-->[androidx.profileinstaller:profileinstaller:1.3.0] AndroidManifest.xml:37:13-35
98            android:exported="true"
98-->[androidx.profileinstaller:profileinstaller:1.3.0] AndroidManifest.xml:38:13-36
99            android:permission="android.permission.DUMP" >
99-->[androidx.profileinstaller:profileinstaller:1.3.0] AndroidManifest.xml:39:13-57
100            <intent-filter>
100-->[androidx.profileinstaller:profileinstaller:1.3.0] AndroidManifest.xml:40:13-42:29
101                <action android:name="androidx.profileinstaller.action.INSTALL_PROFILE" />
101-->[androidx.profileinstaller:profileinstaller:1.3.0] AndroidManifest.xml:41:17-91
101-->[androidx.profileinstaller:profileinstaller:1.3.0] AndroidManifest.xml:41:25-88
102            </intent-filter>
103            <intent-filter>
103-->[androidx.profileinstaller:profileinstaller:1.3.0] AndroidManifest.xml:43:13-45:29
104                <action android:name="androidx.profileinstaller.action.SKIP_FILE" />
104-->[androidx.profileinstaller:profileinstaller:1.3.0] AndroidManifest.xml:44:17-85
104-->[androidx.profileinstaller:profileinstaller:1.3.0] AndroidManifest.xml:44:25-82
105            </intent-filter>
106            <intent-filter>
106-->[androidx.profileinstaller:profileinstaller:1.3.0] AndroidManifest.xml:46:13-48:29
107                <action android:name="androidx.profileinstaller.action.SAVE_PROFILE" />
107-->[androidx.profileinstaller:profileinstaller:1.3.0] AndroidManifest.xml:47:17-88
107-->[androidx.profileinstaller:profileinstaller:1.3.0] AndroidManifest.xml:47:25-85
108            </intent-filter>
109            <intent-filter>
109-->[androidx.profileinstaller:profileinstaller:1.3.0] AndroidManifest.xml:49:13-51:29
110                <action android:name="androidx.profileinstaller.action.BENCHMARK_OPERATION" />
110-->[androidx.profileinstaller:profileinstaller:1.3.0] AndroidManifest.xml:50:17-95
110-->[androidx.profileinstaller:profileinstaller:1.3.0] AndroidManifest.xml:50:25-92
111            </intent-filter>
112        </receiver>
113    </application>
114
115</manifest>